<?xml version="1.0" encoding="UTF-8"?>
<testng-results ignored="0" total="1" passed="1" failed="0" skipped="0">
  <reporter-output>
  </reporter-output>
  <suite started-at="2024-01-16T13:44:46 IST" name="Default suite" finished-at="2024-01-16T13:45:09 IST" duration-ms="23173">
    <groups>
    </groups>
    <test started-at="2024-01-16T13:44:46 IST" name="Default test" finished-at="2024-01-16T13:45:09 IST" duration-ms="23173">
      <class name="TestLayerPackage.LoginTest">
        <test-method is-config="true" signature="setup()[pri:0, instance:TestLayerPackage.LoginTest@47d9a273]" started-at="2024-01-16T13:44:46 IST" name="setup" finished-at="2024-01-16T13:45:08 IST" duration-ms="21457" status="PASS">
          <reporter-output>
          </reporter-output>
        </test-method> <!-- setup -->
        <test-method signature="validateLoginPageFunctionality()[pri:0, instance:TestLayerPackage.LoginTest@47d9a273]" started-at="2024-01-16T13:45:08 IST" name="validateLoginPageFunctionality" finished-at="2024-01-16T13:45:09 IST" duration-ms="1636" status="PASS">
          <reporter-output>
          </reporter-output>
        </test-method> <!-- validateLoginPageFunctionality -->
      </class> <!-- TestLayerPackage.LoginTest -->
    </test> <!-- Default test -->
  </suite> <!-- Default suite -->
</testng-results>
